app/build/intermediates/manifest_merge_blame_file/debug/manifest-merger-blame-debug-report.txt
1<?xml version="1.0" encoding="utf-8"?>
2<manifest xmlns:android="http://schemas.android.com/apk/res/android"
3    package="com.hyunki.bard"
4    android:versionCode="1"
5    android:versionName="1.0" >
6
7    <uses-sdk
8        android:minSdkVersion="24"
8-->src/main/AndroidManifest.xml
9        android:targetSdkVersion="29" />
9-->src/main/AndroidManifest.xml
10
11    <uses-permission android:name="android.permission.INTERNET" />
11-->src/main/AndroidManifest.xml:4:5-66
11-->src/main/AndroidManifest.xml:4:22-64
12
13    <application
13-->src/main/AndroidManifest.xml:6:5-23:19
14        android:allowBackup="true"
14-->src/main/AndroidManifest.xml:7:9-35
15        android:appComponentFactory="androidx.core.app.CoreComponentFactory"
15-->[androidx.core:core:1.2.0-alpha04] AndroidManifest.xml:24:18-86
16        android:debuggable="true"
17        android:extractNativeLibs="false"
18        android:icon="@mipmap/ic_launcher"
18-->src/main/AndroidManifest.xml:8:9-43
19        android:label="@string/app_name"
19-->src/main/AndroidManifest.xml:9:9-41
20        android:roundIcon="@mipmap/ic_launcher_round"
20-->src/main/AndroidManifest.xml:10:9-54
21        android:supportsRtl="true"
21-->src/main/AndroidManifest.xml:11:9-35
22        android:testOnly="true"
23        android:theme="@style/AppTheme" >
23-->src/main/AndroidManifest.xml:12:9-40
24        <activity android:name="com.hyunki.bard2.view.MainActivity" >
24-->src/main/AndroidManifest.xml:13:9-19:20
24-->src/main/AndroidManifest.xml:13:19-68
25            <intent-filter>
25-->src/main/AndroidManifest.xml:14:13-18:29
26                <action android:name="android.intent.action.MAIN" />
26-->src/main/AndroidManifest.xml:15:17-69
26-->src/main/AndroidManifest.xml:15:25-66
27
28                <category android:name="android.intent.category.LAUNCHER" />
28-->src/main/AndroidManifest.xml:17:17-77
28-->src/main/AndroidManifest.xml:17:27-74
29            </intent-filter>
30        </activity>
31
32        <meta-data
32-->src/main/AndroidManifest.xml:20:9-22:35
33            android:name="com.google.firebase.ml.vision.DEPENDENCIES"
33-->src/main/AndroidManifest.xml:21:13-70
34            android:value="ocr" />
34-->src/main/AndroidManifest.xml:22:13-32
35
36        <provider
36-->[androidx.lifecycle:lifecycle-process:2.0.0] AndroidManifest.xml:23:9-27:43
37            android:name="androidx.lifecycle.ProcessLifecycleOwnerInitializer"
37-->[androidx.lifecycle:lifecycle-process:2.0.0] AndroidManifest.xml:24:13-79
38            android:authorities="com.hyunki.bard.lifecycle-process"
38-->[androidx.lifecycle:lifecycle-process:2.0.0] AndroidManifest.xml:25:13-69
39            android:exported="false"
39-->[androidx.lifecycle:lifecycle-process:2.0.0] AndroidManifest.xml:26:13-37
40            android:multiprocess="true" />
40-->[androidx.lifecycle:lifecycle-process:2.0.0] AndroidManifest.xml:27:13-40
41    </application>
42
43</manifest>